
///////////////////////////////////
// Efinity Synthesis Started 
// Jun 05, 2025 09:15:12
///////////////////////////////////


///////////////////////////////////
// Efinity Synthesis Started 
// Jun 05, 2025 09:26:23
///////////////////////////////////


///////////////////////////////////
// Efinity Synthesis Started 
// Jun 05, 2025 09:29:01
///////////////////////////////////


///////////////////////////////////
// Efinity Synthesis Started 
// Jun 05, 2025 09:31:48
///////////////////////////////////


///////////////////////////////////
// Efinity Synthesis Started 
// Jun 05, 2025 09:37:45
///////////////////////////////////


///////////////////////////////////
// Efinity Synthesis Started 
// Jun 05, 2025 09:42:45
///////////////////////////////////


///////////////////////////////////
// Efinity Synthesis Started 
// Jun 05, 2025 09:44:55
///////////////////////////////////


///////////////////////////////////
// Efinity Synthesis Started 
// Jun 05, 2025 09:47:34
///////////////////////////////////


///////////////////////////////////
// Efinity Synthesis Started 
// Jun 05, 2025 09:48:12
///////////////////////////////////


///////////////////////////////////
// Efinity Synthesis Started 
// Jun 05, 2025 09:56:25
///////////////////////////////////

[EFX-0010 VERI-ERROR] procedural assignment to a non-register 'LED_' is not permitted (VERI-1100) (/media/lalli/D_Drive_Deb/Vicharak_stuff/Codes_download/UART_RX_TX_DEMO/UART_RX.v:119)
[EFX-0010 VERI-ERROR] procedural assignment to a non-register 'LED_' is not permitted (VERI-1100) (/media/lalli/D_Drive_Deb/Vicharak_stuff/Codes_download/UART_RX_TX_DEMO/UART_RX.v:121)
[EFX-0010 VERI-ERROR] module 'UART_RX' is ignored due to previous errors (VERI-1072) (/media/lalli/D_Drive_Deb/Vicharak_stuff/Codes_download/UART_RX_TX_DEMO/UART_RX.v:146)

///////////////////////////////////
// Efinity Synthesis Started 
// Jun 05, 2025 09:57:33
///////////////////////////////////


///////////////////////////////////
// Efinity Synthesis Started 
// Jun 05, 2025 09:58:27
///////////////////////////////////


///////////////////////////////////
// Efinity Synthesis Started 
// Jun 05, 2025 10:33:27
///////////////////////////////////


///////////////////////////////////
// Efinity Synthesis Started 
// Jun 05, 2025 10:34:54
///////////////////////////////////

