
///////////////////////////////////
// Efinity Synthesis Started 
// Jun 05, 2025 09:15:12
///////////////////////////////////

[EFX-0011 VERI-WARNING] expression size 16 truncated to fit in target size 15 (VERI-1209) (/media/lalli/D_Drive_Deb/Vicharak_stuff/Codes_download/UART_RX_TX_DEMO/UART_RX.v:72)
[EFX-0011 VERI-WARNING] expression size 16 truncated to fit in target size 15 (VERI-1209) (/media/lalli/D_Drive_Deb/Vicharak_stuff/Codes_download/UART_RX_TX_DEMO/UART_RX.v:83)
[EFX-0011 VERI-WARNING] expression size 4 truncated to fit in target size 3 (VERI-1209) (/media/lalli/D_Drive_Deb/Vicharak_stuff/Codes_download/UART_RX_TX_DEMO/UART_RX.v:94)
[EFX-0011 VERI-WARNING] expression size 16 truncated to fit in target size 15 (VERI-1209) (/media/lalli/D_Drive_Deb/Vicharak_stuff/Codes_download/UART_RX_TX_DEMO/UART_RX.v:112)
[EFX-0011 VERI-WARNING] expression size 16 truncated to fit in target size 15 (VERI-1209) (/media/lalli/D_Drive_Deb/Vicharak_stuff/Codes_download/UART_RX_TX_DEMO/UART_TX.v:61)
[EFX-0011 VERI-WARNING] expression size 16 truncated to fit in target size 15 (VERI-1209) (/media/lalli/D_Drive_Deb/Vicharak_stuff/Codes_download/UART_RX_TX_DEMO/UART_TX.v:79)
[EFX-0011 VERI-WARNING] expression size 4 truncated to fit in target size 3 (VERI-1209) (/media/lalli/D_Drive_Deb/Vicharak_stuff/Codes_download/UART_RX_TX_DEMO/UART_TX.v:89)
[EFX-0011 VERI-WARNING] expression size 16 truncated to fit in target size 15 (VERI-1209) (/media/lalli/D_Drive_Deb/Vicharak_stuff/Codes_download/UART_RX_TX_DEMO/UART_TX.v:109)

///////////////////////////////////
// Efinity Synthesis Started 
// Jun 05, 2025 09:26:23
///////////////////////////////////

[EFX-0011 VERI-WARNING] expression size 16 truncated to fit in target size 15 (VERI-1209) (/media/lalli/D_Drive_Deb/Vicharak_stuff/Codes_download/UART_RX_TX_DEMO/UART_RX.v:72)
[EFX-0011 VERI-WARNING] expression size 16 truncated to fit in target size 15 (VERI-1209) (/media/lalli/D_Drive_Deb/Vicharak_stuff/Codes_download/UART_RX_TX_DEMO/UART_RX.v:83)
[EFX-0011 VERI-WARNING] expression size 4 truncated to fit in target size 3 (VERI-1209) (/media/lalli/D_Drive_Deb/Vicharak_stuff/Codes_download/UART_RX_TX_DEMO/UART_RX.v:94)
[EFX-0011 VERI-WARNING] expression size 16 truncated to fit in target size 15 (VERI-1209) (/media/lalli/D_Drive_Deb/Vicharak_stuff/Codes_download/UART_RX_TX_DEMO/UART_RX.v:112)
[EFX-0011 VERI-WARNING] expression size 16 truncated to fit in target size 15 (VERI-1209) (/media/lalli/D_Drive_Deb/Vicharak_stuff/Codes_download/UART_RX_TX_DEMO/UART_TX.v:61)
[EFX-0011 VERI-WARNING] expression size 16 truncated to fit in target size 15 (VERI-1209) (/media/lalli/D_Drive_Deb/Vicharak_stuff/Codes_download/UART_RX_TX_DEMO/UART_TX.v:79)
[EFX-0011 VERI-WARNING] expression size 4 truncated to fit in target size 3 (VERI-1209) (/media/lalli/D_Drive_Deb/Vicharak_stuff/Codes_download/UART_RX_TX_DEMO/UART_TX.v:89)
[EFX-0011 VERI-WARNING] expression size 16 truncated to fit in target size 15 (VERI-1209) (/media/lalli/D_Drive_Deb/Vicharak_stuff/Codes_download/UART_RX_TX_DEMO/UART_TX.v:109)

///////////////////////////////////
// Efinity Synthesis Started 
// Jun 05, 2025 09:29:01
///////////////////////////////////

[EFX-0011 VERI-WARNING] expression size 16 truncated to fit in target size 15 (VERI-1209) (/media/lalli/D_Drive_Deb/Vicharak_stuff/Codes_download/UART_RX_TX_DEMO/UART_RX.v:72)
[EFX-0011 VERI-WARNING] expression size 16 truncated to fit in target size 15 (VERI-1209) (/media/lalli/D_Drive_Deb/Vicharak_stuff/Codes_download/UART_RX_TX_DEMO/UART_RX.v:83)
[EFX-0011 VERI-WARNING] expression size 4 truncated to fit in target size 3 (VERI-1209) (/media/lalli/D_Drive_Deb/Vicharak_stuff/Codes_download/UART_RX_TX_DEMO/UART_RX.v:94)
[EFX-0011 VERI-WARNING] expression size 16 truncated to fit in target size 15 (VERI-1209) (/media/lalli/D_Drive_Deb/Vicharak_stuff/Codes_download/UART_RX_TX_DEMO/UART_RX.v:112)
[EFX-0011 VERI-WARNING] expression size 16 truncated to fit in target size 15 (VERI-1209) (/media/lalli/D_Drive_Deb/Vicharak_stuff/Codes_download/UART_RX_TX_DEMO/UART_TX.v:61)
[EFX-0011 VERI-WARNING] expression size 16 truncated to fit in target size 15 (VERI-1209) (/media/lalli/D_Drive_Deb/Vicharak_stuff/Codes_download/UART_RX_TX_DEMO/UART_TX.v:79)
[EFX-0011 VERI-WARNING] expression size 4 truncated to fit in target size 3 (VERI-1209) (/media/lalli/D_Drive_Deb/Vicharak_stuff/Codes_download/UART_RX_TX_DEMO/UART_TX.v:89)
[EFX-0011 VERI-WARNING] expression size 16 truncated to fit in target size 15 (VERI-1209) (/media/lalli/D_Drive_Deb/Vicharak_stuff/Codes_download/UART_RX_TX_DEMO/UART_TX.v:109)

///////////////////////////////////
// Efinity Synthesis Started 
// Jun 05, 2025 09:31:48
///////////////////////////////////

[EFX-0011 VERI-WARNING] expression size 16 truncated to fit in target size 15 (VERI-1209) (/media/lalli/D_Drive_Deb/Vicharak_stuff/Codes_download/UART_RX_TX_DEMO/UART_RX.v:72)
[EFX-0011 VERI-WARNING] expression size 16 truncated to fit in target size 15 (VERI-1209) (/media/lalli/D_Drive_Deb/Vicharak_stuff/Codes_download/UART_RX_TX_DEMO/UART_RX.v:83)
[EFX-0011 VERI-WARNING] expression size 4 truncated to fit in target size 3 (VERI-1209) (/media/lalli/D_Drive_Deb/Vicharak_stuff/Codes_download/UART_RX_TX_DEMO/UART_RX.v:94)
[EFX-0011 VERI-WARNING] expression size 16 truncated to fit in target size 15 (VERI-1209) (/media/lalli/D_Drive_Deb/Vicharak_stuff/Codes_download/UART_RX_TX_DEMO/UART_RX.v:112)
[EFX-0011 VERI-WARNING] expression size 16 truncated to fit in target size 15 (VERI-1209) (/media/lalli/D_Drive_Deb/Vicharak_stuff/Codes_download/UART_RX_TX_DEMO/UART_TX.v:61)
[EFX-0011 VERI-WARNING] expression size 16 truncated to fit in target size 15 (VERI-1209) (/media/lalli/D_Drive_Deb/Vicharak_stuff/Codes_download/UART_RX_TX_DEMO/UART_TX.v:79)
[EFX-0011 VERI-WARNING] expression size 4 truncated to fit in target size 3 (VERI-1209) (/media/lalli/D_Drive_Deb/Vicharak_stuff/Codes_download/UART_RX_TX_DEMO/UART_TX.v:89)
[EFX-0011 VERI-WARNING] expression size 16 truncated to fit in target size 15 (VERI-1209) (/media/lalli/D_Drive_Deb/Vicharak_stuff/Codes_download/UART_RX_TX_DEMO/UART_TX.v:109)

///////////////////////////////////
// Efinity Synthesis Started 
// Jun 05, 2025 09:37:45
///////////////////////////////////

[EFX-0011 VERI-WARNING] expression size 16 truncated to fit in target size 15 (VERI-1209) (/media/lalli/D_Drive_Deb/Vicharak_stuff/Codes_download/UART_RX_TX_DEMO/UART_RX.v:72)
[EFX-0011 VERI-WARNING] expression size 16 truncated to fit in target size 15 (VERI-1209) (/media/lalli/D_Drive_Deb/Vicharak_stuff/Codes_download/UART_RX_TX_DEMO/UART_RX.v:83)
[EFX-0011 VERI-WARNING] expression size 4 truncated to fit in target size 3 (VERI-1209) (/media/lalli/D_Drive_Deb/Vicharak_stuff/Codes_download/UART_RX_TX_DEMO/UART_RX.v:94)
[EFX-0011 VERI-WARNING] expression size 16 truncated to fit in target size 15 (VERI-1209) (/media/lalli/D_Drive_Deb/Vicharak_stuff/Codes_download/UART_RX_TX_DEMO/UART_RX.v:112)
[EFX-0011 VERI-WARNING] expression size 16 truncated to fit in target size 15 (VERI-1209) (/media/lalli/D_Drive_Deb/Vicharak_stuff/Codes_download/UART_RX_TX_DEMO/UART_TX.v:61)
[EFX-0011 VERI-WARNING] expression size 16 truncated to fit in target size 15 (VERI-1209) (/media/lalli/D_Drive_Deb/Vicharak_stuff/Codes_download/UART_RX_TX_DEMO/UART_TX.v:79)
[EFX-0011 VERI-WARNING] expression size 4 truncated to fit in target size 3 (VERI-1209) (/media/lalli/D_Drive_Deb/Vicharak_stuff/Codes_download/UART_RX_TX_DEMO/UART_TX.v:89)
[EFX-0011 VERI-WARNING] expression size 16 truncated to fit in target size 15 (VERI-1209) (/media/lalli/D_Drive_Deb/Vicharak_stuff/Codes_download/UART_RX_TX_DEMO/UART_TX.v:109)

///////////////////////////////////
// Efinity Synthesis Started 
// Jun 05, 2025 09:42:45
///////////////////////////////////

[EFX-0011 VERI-WARNING] expression size 16 truncated to fit in target size 15 (VERI-1209) (/media/lalli/D_Drive_Deb/Vicharak_stuff/Codes_download/UART_RX_TX_DEMO/UART_RX.v:72)
[EFX-0011 VERI-WARNING] expression size 16 truncated to fit in target size 15 (VERI-1209) (/media/lalli/D_Drive_Deb/Vicharak_stuff/Codes_download/UART_RX_TX_DEMO/UART_RX.v:83)
[EFX-0011 VERI-WARNING] expression size 4 truncated to fit in target size 3 (VERI-1209) (/media/lalli/D_Drive_Deb/Vicharak_stuff/Codes_download/UART_RX_TX_DEMO/UART_RX.v:94)
[EFX-0011 VERI-WARNING] expression size 16 truncated to fit in target size 15 (VERI-1209) (/media/lalli/D_Drive_Deb/Vicharak_stuff/Codes_download/UART_RX_TX_DEMO/UART_RX.v:112)
[EFX-0011 VERI-WARNING] expression size 16 truncated to fit in target size 15 (VERI-1209) (/media/lalli/D_Drive_Deb/Vicharak_stuff/Codes_download/UART_RX_TX_DEMO/UART_TX.v:61)
[EFX-0011 VERI-WARNING] expression size 16 truncated to fit in target size 15 (VERI-1209) (/media/lalli/D_Drive_Deb/Vicharak_stuff/Codes_download/UART_RX_TX_DEMO/UART_TX.v:79)
[EFX-0011 VERI-WARNING] expression size 4 truncated to fit in target size 3 (VERI-1209) (/media/lalli/D_Drive_Deb/Vicharak_stuff/Codes_download/UART_RX_TX_DEMO/UART_TX.v:89)
[EFX-0011 VERI-WARNING] expression size 16 truncated to fit in target size 15 (VERI-1209) (/media/lalli/D_Drive_Deb/Vicharak_stuff/Codes_download/UART_RX_TX_DEMO/UART_TX.v:110)

///////////////////////////////////
// Efinity Synthesis Started 
// Jun 05, 2025 09:44:55
///////////////////////////////////

[EFX-0011 VERI-WARNING] expression size 16 truncated to fit in target size 15 (VERI-1209) (/media/lalli/D_Drive_Deb/Vicharak_stuff/Codes_download/UART_RX_TX_DEMO/UART_RX.v:72)
[EFX-0011 VERI-WARNING] expression size 16 truncated to fit in target size 15 (VERI-1209) (/media/lalli/D_Drive_Deb/Vicharak_stuff/Codes_download/UART_RX_TX_DEMO/UART_RX.v:83)
[EFX-0011 VERI-WARNING] expression size 4 truncated to fit in target size 3 (VERI-1209) (/media/lalli/D_Drive_Deb/Vicharak_stuff/Codes_download/UART_RX_TX_DEMO/UART_RX.v:94)
[EFX-0011 VERI-WARNING] expression size 16 truncated to fit in target size 15 (VERI-1209) (/media/lalli/D_Drive_Deb/Vicharak_stuff/Codes_download/UART_RX_TX_DEMO/UART_RX.v:112)
[EFX-0011 VERI-WARNING] expression size 16 truncated to fit in target size 15 (VERI-1209) (/media/lalli/D_Drive_Deb/Vicharak_stuff/Codes_download/UART_RX_TX_DEMO/UART_TX.v:61)
[EFX-0011 VERI-WARNING] expression size 16 truncated to fit in target size 15 (VERI-1209) (/media/lalli/D_Drive_Deb/Vicharak_stuff/Codes_download/UART_RX_TX_DEMO/UART_TX.v:79)
[EFX-0011 VERI-WARNING] expression size 4 truncated to fit in target size 3 (VERI-1209) (/media/lalli/D_Drive_Deb/Vicharak_stuff/Codes_download/UART_RX_TX_DEMO/UART_TX.v:89)
[EFX-0011 VERI-WARNING] expression size 16 truncated to fit in target size 15 (VERI-1209) (/media/lalli/D_Drive_Deb/Vicharak_stuff/Codes_download/UART_RX_TX_DEMO/UART_TX.v:109)

///////////////////////////////////
// Efinity Synthesis Started 
// Jun 05, 2025 09:47:34
///////////////////////////////////

[EFX-0011 VERI-WARNING] expression size 16 truncated to fit in target size 15 (VERI-1209) (/media/lalli/D_Drive_Deb/Vicharak_stuff/Codes_download/UART_RX_TX_DEMO/UART_RX.v:72)
[EFX-0011 VERI-WARNING] expression size 16 truncated to fit in target size 15 (VERI-1209) (/media/lalli/D_Drive_Deb/Vicharak_stuff/Codes_download/UART_RX_TX_DEMO/UART_RX.v:83)
[EFX-0011 VERI-WARNING] expression size 4 truncated to fit in target size 3 (VERI-1209) (/media/lalli/D_Drive_Deb/Vicharak_stuff/Codes_download/UART_RX_TX_DEMO/UART_RX.v:94)
[EFX-0011 VERI-WARNING] expression size 16 truncated to fit in target size 15 (VERI-1209) (/media/lalli/D_Drive_Deb/Vicharak_stuff/Codes_download/UART_RX_TX_DEMO/UART_RX.v:112)
[EFX-0011 VERI-WARNING] expression size 16 truncated to fit in target size 15 (VERI-1209) (/media/lalli/D_Drive_Deb/Vicharak_stuff/Codes_download/UART_RX_TX_DEMO/UART_TX.v:61)
[EFX-0011 VERI-WARNING] expression size 16 truncated to fit in target size 15 (VERI-1209) (/media/lalli/D_Drive_Deb/Vicharak_stuff/Codes_download/UART_RX_TX_DEMO/UART_TX.v:79)
[EFX-0011 VERI-WARNING] expression size 4 truncated to fit in target size 3 (VERI-1209) (/media/lalli/D_Drive_Deb/Vicharak_stuff/Codes_download/UART_RX_TX_DEMO/UART_TX.v:89)
[EFX-0011 VERI-WARNING] expression size 16 truncated to fit in target size 15 (VERI-1209) (/media/lalli/D_Drive_Deb/Vicharak_stuff/Codes_download/UART_RX_TX_DEMO/UART_TX.v:109)

///////////////////////////////////
// Efinity Synthesis Started 
// Jun 05, 2025 09:48:12
///////////////////////////////////

[EFX-0011 VERI-WARNING] expression size 16 truncated to fit in target size 15 (VERI-1209) (/media/lalli/D_Drive_Deb/Vicharak_stuff/Codes_download/UART_RX_TX_DEMO/UART_RX.v:72)
[EFX-0011 VERI-WARNING] expression size 16 truncated to fit in target size 15 (VERI-1209) (/media/lalli/D_Drive_Deb/Vicharak_stuff/Codes_download/UART_RX_TX_DEMO/UART_RX.v:83)
[EFX-0011 VERI-WARNING] expression size 4 truncated to fit in target size 3 (VERI-1209) (/media/lalli/D_Drive_Deb/Vicharak_stuff/Codes_download/UART_RX_TX_DEMO/UART_RX.v:94)
[EFX-0011 VERI-WARNING] expression size 16 truncated to fit in target size 15 (VERI-1209) (/media/lalli/D_Drive_Deb/Vicharak_stuff/Codes_download/UART_RX_TX_DEMO/UART_RX.v:112)
[EFX-0011 VERI-WARNING] expression size 16 truncated to fit in target size 15 (VERI-1209) (/media/lalli/D_Drive_Deb/Vicharak_stuff/Codes_download/UART_RX_TX_DEMO/UART_TX.v:61)
[EFX-0011 VERI-WARNING] expression size 16 truncated to fit in target size 15 (VERI-1209) (/media/lalli/D_Drive_Deb/Vicharak_stuff/Codes_download/UART_RX_TX_DEMO/UART_TX.v:79)
[EFX-0011 VERI-WARNING] expression size 4 truncated to fit in target size 3 (VERI-1209) (/media/lalli/D_Drive_Deb/Vicharak_stuff/Codes_download/UART_RX_TX_DEMO/UART_TX.v:89)
[EFX-0011 VERI-WARNING] expression size 16 truncated to fit in target size 15 (VERI-1209) (/media/lalli/D_Drive_Deb/Vicharak_stuff/Codes_download/UART_RX_TX_DEMO/UART_TX.v:109)

///////////////////////////////////
// Efinity Synthesis Started 
// Jun 05, 2025 09:56:25
///////////////////////////////////


///////////////////////////////////
// Efinity Synthesis Started 
// Jun 05, 2025 09:57:33
///////////////////////////////////

[EFX-0011 VERI-WARNING] expression size 16 truncated to fit in target size 15 (VERI-1209) (/media/lalli/D_Drive_Deb/Vicharak_stuff/Codes_download/UART_RX_TX_DEMO/UART_RX.v:73)
[EFX-0011 VERI-WARNING] expression size 16 truncated to fit in target size 15 (VERI-1209) (/media/lalli/D_Drive_Deb/Vicharak_stuff/Codes_download/UART_RX_TX_DEMO/UART_RX.v:84)
[EFX-0011 VERI-WARNING] expression size 4 truncated to fit in target size 3 (VERI-1209) (/media/lalli/D_Drive_Deb/Vicharak_stuff/Codes_download/UART_RX_TX_DEMO/UART_RX.v:95)
[EFX-0011 VERI-WARNING] expression size 16 truncated to fit in target size 15 (VERI-1209) (/media/lalli/D_Drive_Deb/Vicharak_stuff/Codes_download/UART_RX_TX_DEMO/UART_RX.v:113)
[EFX-0011 VERI-WARNING] expression size 16 truncated to fit in target size 15 (VERI-1209) (/media/lalli/D_Drive_Deb/Vicharak_stuff/Codes_download/UART_RX_TX_DEMO/UART_TX.v:61)
[EFX-0011 VERI-WARNING] expression size 16 truncated to fit in target size 15 (VERI-1209) (/media/lalli/D_Drive_Deb/Vicharak_stuff/Codes_download/UART_RX_TX_DEMO/UART_TX.v:79)
[EFX-0011 VERI-WARNING] expression size 4 truncated to fit in target size 3 (VERI-1209) (/media/lalli/D_Drive_Deb/Vicharak_stuff/Codes_download/UART_RX_TX_DEMO/UART_TX.v:89)
[EFX-0011 VERI-WARNING] expression size 16 truncated to fit in target size 15 (VERI-1209) (/media/lalli/D_Drive_Deb/Vicharak_stuff/Codes_download/UART_RX_TX_DEMO/UART_TX.v:109)

///////////////////////////////////
// Efinity Synthesis Started 
// Jun 05, 2025 09:58:27
///////////////////////////////////

[EFX-0011 VERI-WARNING] expression size 16 truncated to fit in target size 15 (VERI-1209) (/media/lalli/D_Drive_Deb/Vicharak_stuff/Codes_download/UART_RX_TX_DEMO/UART_RX.v:73)
[EFX-0011 VERI-WARNING] expression size 16 truncated to fit in target size 15 (VERI-1209) (/media/lalli/D_Drive_Deb/Vicharak_stuff/Codes_download/UART_RX_TX_DEMO/UART_RX.v:84)
[EFX-0011 VERI-WARNING] expression size 4 truncated to fit in target size 3 (VERI-1209) (/media/lalli/D_Drive_Deb/Vicharak_stuff/Codes_download/UART_RX_TX_DEMO/UART_RX.v:95)
[EFX-0011 VERI-WARNING] expression size 16 truncated to fit in target size 15 (VERI-1209) (/media/lalli/D_Drive_Deb/Vicharak_stuff/Codes_download/UART_RX_TX_DEMO/UART_RX.v:113)
[EFX-0011 VERI-WARNING] expression size 16 truncated to fit in target size 15 (VERI-1209) (/media/lalli/D_Drive_Deb/Vicharak_stuff/Codes_download/UART_RX_TX_DEMO/UART_TX.v:61)
[EFX-0011 VERI-WARNING] expression size 16 truncated to fit in target size 15 (VERI-1209) (/media/lalli/D_Drive_Deb/Vicharak_stuff/Codes_download/UART_RX_TX_DEMO/UART_TX.v:79)
[EFX-0011 VERI-WARNING] expression size 4 truncated to fit in target size 3 (VERI-1209) (/media/lalli/D_Drive_Deb/Vicharak_stuff/Codes_download/UART_RX_TX_DEMO/UART_TX.v:89)
[EFX-0011 VERI-WARNING] expression size 16 truncated to fit in target size 15 (VERI-1209) (/media/lalli/D_Drive_Deb/Vicharak_stuff/Codes_download/UART_RX_TX_DEMO/UART_TX.v:109)

///////////////////////////////////
// Efinity Synthesis Started 
// Jun 05, 2025 10:33:27
///////////////////////////////////

[EFX-0011 VERI-WARNING] macro 'CLKS_PER_BIT' is redefined (VERI-1295) (/media/lalli/D_Drive_Deb/Vicharak_stuff/Codes_download/UART_on_Vaaman/UART_TX.v:2)
[EFX-0011 VERI-WARNING] expression size 16 truncated to fit in target size 15 (VERI-1209) (/media/lalli/D_Drive_Deb/Vicharak_stuff/Codes_download/UART_on_Vaaman/UART_RX.v:69)
[EFX-0011 VERI-WARNING] expression size 16 truncated to fit in target size 15 (VERI-1209) (/media/lalli/D_Drive_Deb/Vicharak_stuff/Codes_download/UART_on_Vaaman/UART_RX.v:78)
[EFX-0011 VERI-WARNING] expression size 4 truncated to fit in target size 3 (VERI-1209) (/media/lalli/D_Drive_Deb/Vicharak_stuff/Codes_download/UART_on_Vaaman/UART_RX.v:88)
[EFX-0011 VERI-WARNING] expression size 16 truncated to fit in target size 15 (VERI-1209) (/media/lalli/D_Drive_Deb/Vicharak_stuff/Codes_download/UART_on_Vaaman/UART_RX.v:104)
[EFX-0011 VERI-WARNING] expression size 16 truncated to fit in target size 15 (VERI-1209) (/media/lalli/D_Drive_Deb/Vicharak_stuff/Codes_download/UART_on_Vaaman/UART_TX.v:55)
[EFX-0011 VERI-WARNING] expression size 16 truncated to fit in target size 15 (VERI-1209) (/media/lalli/D_Drive_Deb/Vicharak_stuff/Codes_download/UART_on_Vaaman/UART_TX.v:72)
[EFX-0011 VERI-WARNING] expression size 4 truncated to fit in target size 3 (VERI-1209) (/media/lalli/D_Drive_Deb/Vicharak_stuff/Codes_download/UART_on_Vaaman/UART_TX.v:81)
[EFX-0011 VERI-WARNING] expression size 16 truncated to fit in target size 15 (VERI-1209) (/media/lalli/D_Drive_Deb/Vicharak_stuff/Codes_download/UART_on_Vaaman/UART_TX.v:99)

///////////////////////////////////
// Efinity Synthesis Started 
// Jun 05, 2025 10:34:54
///////////////////////////////////

[EFX-0011 VERI-WARNING] macro 'CLKS_PER_BIT' is redefined (VERI-1295) (/media/lalli/D_Drive_Deb/Vicharak_stuff/Codes_download/UART_on_Vaaman/UART_TX.v:2)
[EFX-0011 VERI-WARNING] expression size 16 truncated to fit in target size 15 (VERI-1209) (/media/lalli/D_Drive_Deb/Vicharak_stuff/Codes_download/UART_on_Vaaman/UART_RX.v:69)
[EFX-0011 VERI-WARNING] expression size 16 truncated to fit in target size 15 (VERI-1209) (/media/lalli/D_Drive_Deb/Vicharak_stuff/Codes_download/UART_on_Vaaman/UART_RX.v:78)
[EFX-0011 VERI-WARNING] expression size 4 truncated to fit in target size 3 (VERI-1209) (/media/lalli/D_Drive_Deb/Vicharak_stuff/Codes_download/UART_on_Vaaman/UART_RX.v:88)
[EFX-0011 VERI-WARNING] expression size 16 truncated to fit in target size 15 (VERI-1209) (/media/lalli/D_Drive_Deb/Vicharak_stuff/Codes_download/UART_on_Vaaman/UART_RX.v:104)
[EFX-0011 VERI-WARNING] expression size 16 truncated to fit in target size 15 (VERI-1209) (/media/lalli/D_Drive_Deb/Vicharak_stuff/Codes_download/UART_on_Vaaman/UART_TX.v:55)
[EFX-0011 VERI-WARNING] expression size 16 truncated to fit in target size 15 (VERI-1209) (/media/lalli/D_Drive_Deb/Vicharak_stuff/Codes_download/UART_on_Vaaman/UART_TX.v:72)
[EFX-0011 VERI-WARNING] expression size 4 truncated to fit in target size 3 (VERI-1209) (/media/lalli/D_Drive_Deb/Vicharak_stuff/Codes_download/UART_on_Vaaman/UART_TX.v:81)
[EFX-0011 VERI-WARNING] expression size 16 truncated to fit in target size 15 (VERI-1209) (/media/lalli/D_Drive_Deb/Vicharak_stuff/Codes_download/UART_on_Vaaman/UART_TX.v:99)
